Charm++: standalone mode (not using charmrun)
Charm++> Running in Multicore mode: 4 threads (PEs)
Charm++> Using recursive bisection (scheme 3) for topology aware partitions
Converse/Charm++ Commit ID: 
CharmLB> Load balancer assumes all CPUs are same.
Charm++> Running on 1 hosts (1 sockets x 4 cores x 2 PUs = 8-way SMP)
Charm++> cpu topology info is gathered in 0.001 seconds.
Info: Built with CUDA version 11000
Did not find +devices i,j,k,... argument, using all
Pe 1 physical rank 1 will use CUDA device of pe 2
Pe 0 physical rank 0 will use CUDA device of pe 2
Pe 3 physical rank 3 will use CUDA device of pe 2
Pe 2 physical rank 2 binding to CUDA device 0 on artio.ccib.rutgers.edu: 'NVIDIA GeForce GTX 960'  Mem: 4040MB  Rev: 5.2  PCI: 0:3:0
Info: NAMD 3.0alpha12 for Linux-x86_64-multicore-CUDA
Info: 
Info: Please visit http://www.ks.uiuc.edu/Research/namd/
Info: for updates, documentation, and support information.
Info: 
Info: Please cite Phillips et al., J. Chem. Phys. 153:044130 (2020) doi:10.1063/5.0014475
Info: in all publications reporting results obtained with NAMD.
Info: 
Info: Based on Charm++/Converse 70000 for multicore-linux-x86_64-gcc
Info: Built Wed Jun 22 15:30:38 CDT 2022 by dhardy on athine.ks.uiuc.edu
Info: 1 NAMD  3.0alpha12  Linux-x86_64-multicore-CUDA  4    artio.ccib.rutgers.edu  ems363
Info: Running on 4 processors, 1 nodes, 1 physical nodes.
Info: CPU topology information available.
Info: Charm++/Converse parallel runtime startup completed at 0.303696 s
Info: 0 MB of memory in use based on /proc/self/stat
Info: Using bitfields in atom data structures.
Info:   sizeof( CompAtom )    = 32
Info:   sizeof( CompAtomExt ) = 8
CkLoopLib is used in SMP with simple dynamic scheduling (converse-level notification)
Info: Configuration file is run.namd
Info: Working in the current directory /u2/home_u2/ems363/Documents/SAFEP_tutorial/Supp-Files/Step4_alchemy_bulk
TCL: Suspending until startup complete.
Warning: Always using force tables for CUDA nonbonded kernel due to unsupported config parameters.
Info: SIMULATION PARAMETERS:
Info: TIMESTEP               2
Info: NUMBER OF STEPS        0
Info: STEPS PER CYCLE        20
Info: PERIODIC CELL BASIS 1  21 0 0
Info: PERIODIC CELL BASIS 2  0 21 0
Info: PERIODIC CELL BASIS 3  0 0 21
Info: PERIODIC CELL CENTER   0 0 0
Info: WRAPPING WATERS AROUND PERIODIC BOUNDARIES ON OUTPUT.
Info: LOAD BALANCER  Centralized
Info: LOAD BALANCING STRATEGY  New Load Balancers -- DEFAULT
Info: LDB PERIOD             4000 steps
Info: FIRST LDB TIMESTEP     100
Info: LAST LDB TIMESTEP     -1
Info: LDB BACKGROUND SCALING 1
Info: HOM BACKGROUND SCALING 1
Info: PME BACKGROUND SCALING 1
Info: MIN ATOMS PER PATCH    40
Info: EMPTY PATCH LOAD       40 ATOMS
Info: INITIAL TEMPERATURE    300
Info: CENTER OF MASS MOVING INITIALLY? NO
Info: DIELECTRIC             1
Info: EXCLUDE                SCALED ONE-FOUR
Info: 1-4 ELECTROSTATICS SCALED BY 1
Info: MODIFIED 1-4 VDW PARAMETERS WILL BE USED
Info: DCD FILENAME           ./output/AFEP-Hyd-02.dcd
Info: DCD FREQUENCY          5000
Info: DCD FIRST STEP         5000
Info: DCD FILE WILL CONTAIN UNIT CELL DATA
Info: XST FILENAME           ./output/AFEP-Hyd-02.xst
Info: XST FREQUENCY          5000
Info: NO VELOCITY DCD OUTPUT
Info: NO FORCE DCD OUTPUT
Info: OUTPUT FILENAME        ./output/AFEP-Hyd-02
Info: BINARY OUTPUT FILES WILL BE USED
Info: RESTART FILENAME       ./output/AFEP-Hyd-02.restart
Info: RESTART FREQUENCY      50000
Info: BINARY RESTART FILES WILL BE USED
Info: SWITCHING ACTIVE
Info: VDW FORCE SWITCHING ACTIVE
Info: SWITCHING ON           10
Info: SWITCHING OFF          12
Info: PAIRLIST DISTANCE      12
Info: PAIRLIST SHRINK RATE   0.01
Info: PAIRLIST GROW RATE     0.01
Info: PAIRLIST TRIGGER       0.3
Info: PAIRLISTS PER CYCLE    2
Info: PAIRLISTS ENABLED
Info: MARGIN                 0.444
Info: HYDROGEN GROUP CUTOFF  2.8
Info: PATCH DIMENSION        15.244
Info: ENERGY OUTPUT STEPS    5000
Info: ENERGY EVALUATION STEPS    5000
Info: CROSSTERM ENERGY INCLUDED IN DIHEDRAL
Info: TIMING OUTPUT STEPS    50000
Info: PRESSURE OUTPUT STEPS  5000
Info: LANGEVIN DYNAMICS ACTIVE
Info: LANGEVIN TEMPERATURE   300
Info: LANGEVIN USING BBK INTEGRATOR
Info: LANGEVIN DAMPING COEFFICIENT IS 1 INVERSE PS
Info: LANGEVIN DYNAMICS APPLIED TO HYDROGENS
Info: LANGEVIN PISTON PRESSURE CONTROL ACTIVE
Info:        TARGET PRESSURE IS 1.01325 BAR
Info:     OSCILLATION PERIOD IS 100 FS
Info:             DECAY TIME IS 50 FS
Info:     PISTON TEMPERATURE IS 300 K
Info:       PRESSURE CONTROL IS GROUP-BASED
Info:    INITIAL STRAIN RATE IS 0 0 0
Info:       CELL FLUCTUATION IS ISOTROPIC
Info: PARTICLE MESH EWALD (PME) ACTIVE
Info: PME TOLERANCE               1e-05
Info: PME EWALD COEFFICIENT       0.226635
Info: PME INTERPOLATION ORDER     4
Info: PME GRID DIMENSIONS         24 24 24
Info: PME MAXIMUM GRID SPACING    1
Info: Attempting to read FFTW data from FFTW_NAMD_3.0alpha12_Linux-x86_64-multicore-CUDA.txt
Info: Optimizing 6 FFT steps.  1... 2... 3... 4... 5... 6...   Done.
Info: Writing FFTW data to FFTW_NAMD_3.0alpha12_Linux-x86_64-multicore-CUDA.txt
Info: FULL ELECTROSTATIC EVALUATION FREQUENCY      2
Info: USING VERLET I (r-RESPA) MTS SCHEME.
Info: C1 SPLITTING OF LONG RANGE ELECTROSTATICS
Info: PLACING ATOMS IN PATCHES BY HYDROGEN GROUPS
Info: RIGID BONDS TO HYDROGEN : ALL
Info:         ERROR TOLERANCE : 1e-06
Info:          MAX ITERATIONS : 400
Info: RIGID WATER USING SETTLE ALGORITHM
Info: RANDOM NUMBER SEED     1659968758
Info: USE HYDROGEN BONDS?    NO
Info: COORDINATE PDB         PHEN-solv.pdb
Info: STRUCTURE FILE         PHEN-solv.psf
Info: PARAMETER file: CHARMM format! 
Info: PARAMETERS             ../common/CHARMM36m_FF/par_all36_prot.prm
Info: PARAMETERS             ../common/CHARMM36m_FF/par_all36_carb.prm
Info: PARAMETERS             ../common/CHARMM36m_FF/par_all36_lipid.prm
Info: PARAMETERS             ../common/CHARMM36m_FF/par_all36_na.prm
Info: PARAMETERS             ../common/CHARMM36m_FF/par_all36_cgenff.prm
Info: PARAMETERS             ../common/CHARMM36m_FF/toppar_water_ions_namd.str
Info: USING ARITHMETIC MEAN TO COMBINE L-J SIGMA PARAMETERS

Warning: DUPLICATE ANGLE ENTRY FOR CD-CT2-NH2
PREVIOUS VALUES  k=50  theta0=107 k_ub=0 r_ub=0
   USING VALUES  k=52  theta0=108 k_ub=0 r_ub=0
Info: SKIPPING rtf SECTION IN STREAM FILE
Info: SUMMARY OF PARAMETERS:
Info: 965 BONDS
Info: 2852 ANGLES
Info: 6992 DIHEDRAL
Info: 198 IMPROPER
Info: 6 CROSSTERM
Info: 357 VDW
Info: 81 VDW_PAIRS
Info: 0 NBTHOLE_PAIRS
Info: TIME FOR READING PSF FILE: 0.00438785
Info: Reading pdb file PHEN-solv.pdb
Info: TIME FOR READING PDB FILE: 0.00115893
Info: 
Info: ****************************
Info: STRUCTURE SUMMARY:
Info: 889 ATOMS
Info: 597 BONDS
Info: 311 ANGLES
Info: 26 DIHEDRALS
Info: 0 IMPROPERS
Info: 0 CROSSTERMS
Info: 0 EXCLUSIONS
Info: 882 RIGID BONDS
Info: 1785 DEGREES OF FREEDOM
Info: 299 HYDROGEN GROUPS
Info: 3 ATOMS IN LARGEST HYDROGEN GROUP
Info: 299 MIGRATION GROUPS
Info: 3 ATOMS IN LARGEST MIGRATION GROUP
Info: TOTAL MASS = 5354.61 amu
Info: TOTAL CHARGE = 1.49012e-08 e
Info: MASS DENSITY = 0.960128 g/cm^3
Info: ATOM DENSITY = 0.095994 atoms/A^3
Info: *****************************
Info: 
Info: Entering startup at 0.542329 s, 0 MB of memory in use
Info: Startup phase 0 took 5.7289e-05 s, 0 MB of memory in use
Info: ADDED 931 IMPLICIT EXCLUSIONS
Info: Startup phase 1 took 0.00215765 s, 0 MB of memory in use
Info: NONBONDED TABLE R-SQUARED SPACING: 0.0625
Info: NONBONDED TABLE SIZE: 769 POINTS
Info: INCONSISTENCY IN FAST TABLE ENERGY VS FORCE: 0.000325096 AT 11.9556
Info: INCONSISTENCY IN SCOR TABLE ENERGY VS FORCE: 0.000338421 AT 12.039
Info: INCONSISTENCY IN VDWA TABLE ENERGY VS FORCE: 0.0040507 AT 0.251946
Info: INCONSISTENCY IN VDWB TABLE ENERGY VS FORCE: 0.00150189 AT 0.251946
Info: Startup phase 2 took 0.0031635 s, 0 MB of memory in use
Info: Startup phase 3 took 4.5777e-05 s, 0 MB of memory in use
Info: Startup phase 4 took 5.0485e-05 s, 0 MB of memory in use
Info: Startup phase 5 took 4.5271e-05 s, 0 MB of memory in use
Info: PATCH GRID IS 2 (PERIODIC) BY 2 (PERIODIC) BY 1 (PERIODIC)
Info: PATCH GRID IS 2-AWAY BY 2-AWAY BY 1-AWAY
Info: REMOVING COM VELOCITY 0.12442 -0.00563392 0.295471
Info: LARGEST PATCH (1) HAS 237 ATOMS
Info: TORUS A SIZE 1 USING 0
Info: TORUS B SIZE 1 USING 0
Info: TORUS C SIZE 1 USING 0
Info: TORUS MINIMAL MESH SIZE IS 1 BY 1 BY 1
Info: Placed 100% of base nodes on same physical node as patch
Info: Startup phase 6 took 0.000364284 s, 0 MB of memory in use
Info: Use 3D box decompostion in PME FFT.
Info: PME using 1 x 1 x 1 pencil grid for FFT and reciprocal sum.
Info: Startup phase 7 took 0.000104559 s, 0 MB of memory in use
Info: Updated CUDA force table with 4096 elements.
Info: Updated CUDA LJ table with 357 x 357 elements.
Info: Startup phase 8 took 0.00263378 s, 0 MB of memory in use
Info: Startup phase 9 took 6.3024e-05 s, 0 MB of memory in use
Info: Startup phase 10 took 3.7965e-05 s, 0 MB of memory in use
Info: Startup phase 11 took 0.000185778 s, 0 MB of memory in use
LDB: Central LB being created...
Info: Startup phase 12 took 0.000468517 s, 0 MB of memory in use
Info: CREATING 212 COMPUTE OBJECTS
Info: Found 14 unique exclusion lists needing 20 bytes
Info: useSync: 0 useProxySync: 0
Info: Startup phase 13 took 0.00152124 s, 0 MB of memory in use
Info: Startup phase 14 took 5.0099e-05 s, 0 MB of memory in use
Info: Startup phase 15 took 3.896e-05 s, 0 MB of memory in use
Info: Finished startup at 0.553317 s, 0 MB of memory in use

REINITIALIZING VELOCITIES AT STEP 0 TO 300 KELVIN.
TCL: Setting parameter alch to on
FATAL ERROR: Alchemy must be enabled at startup to disable and re-enable in script.
[Partition 0][Node 0] End of program
