#========================================================================================
#                     Free energy perturbation    
#----------------------------------------------------------------------------------------
#forward/backward          λ              ΔΔA                 ΔA                  δε   
#                                                 
#----------------------------------------------------------------------------------------
forward:               0.0000              0.0000              0.0000              0.0000  
forward:               0.0500              0.4993              0.4993              0.0157  
forward:               0.1000              0.5499              1.0493              0.0210  
forward:               0.1500              0.5583              1.6075              0.0262  
forward:               0.2000              0.5944              2.2019              0.0317  
forward:               0.2500              0.7062              2.9081              0.0354  
forward:               0.3000              0.8090              3.7171              0.0382  
forward:               0.3500              0.8664              4.5836              0.0492  
forward:               0.4000              0.7646              5.3482              0.0539  
forward:               0.4500              0.4735              5.8217              0.0577  
forward:               0.5000              0.1249              5.9466              0.0606  
forward:               0.5500             -0.1026              5.8440              0.0623  
forward:               0.6000             -0.0864              5.7576              0.0648  
forward:               0.6500             -0.0947              5.6629              0.0673  
forward:               0.7000             -0.1274              5.5355              0.0696  
forward:               0.7500             -0.2311              5.3044              0.0737  
forward:               0.8000             -0.2889              5.0155              0.0805  
forward:               0.8500             -0.3587              4.6568              0.0855  
forward:               0.9000             -0.3306              4.3262              0.0869  
forward:               0.9500             -0.1600              4.1662              0.0886  
forward:               1.0000              0.0756              4.2418              0.0889  
backward:              1.0000              0.0000              4.2418              0.0000  
backward:              0.9500             -0.0600              4.1818              0.0074  
backward:              0.9000              0.1613              4.3431              0.0143  
backward:              0.8500              0.2916              4.6347              0.0268  
backward:              0.8000              0.3301              4.9648              0.0352  
backward:              0.7500              0.2984              5.2632              0.0409  
backward:              0.7000              0.2038              5.4671              0.0445  
backward:              0.6500              0.1703              5.6374              0.0473  
backward:              0.6000              0.1166              5.7540              0.0499  
backward:              0.5500              0.0661              5.8200              0.0524  
backward:              0.5000              0.0770              5.8971              0.0540  
backward:              0.4500             -0.1081              5.7890              0.0565  
backward:              0.4000             -0.4321              5.3568              0.0601  
backward:              0.3500             -0.7546              4.6022              0.0647  
backward:              0.3000             -0.8713              3.7310              0.0687  
backward:              0.2500             -0.8158              2.9152              0.0704  
backward:              0.2000             -0.6716              2.2436              0.0715  
backward:              0.1500             -0.5948              1.6488              0.0728  
backward:              0.1000             -0.5806              1.0682              0.0732  
backward:              0.0500             -0.5080              0.5602              0.0748  
backward:              0.0000             -0.5065              0.0538              0.0759  
Inaccuracy estimation
======================================================================================================
                   i        i+δi          P0_overlap_P1   δε(forward)/ε   δε(backward)/ε
======================================================================================================
inaccuracy:  0.00000        0.05000           56.75           -0.29            0.15
inaccuracy:  0.05000        0.10000           54.27           -0.29            0.17
inaccuracy:  0.10000        0.15000           58.11           -0.28            0.14
inaccuracy:  0.15000        0.20000           55.68           -0.26            0.18
inaccuracy:  0.20000        0.25000           56.09           -0.22            0.18
inaccuracy:  0.25000        0.30000           60.40           -0.15            0.14
inaccuracy:  0.30000        0.35000           57.06           -0.11            0.21
inaccuracy:  0.35000        0.40000           58.63           -0.13            0.22
inaccuracy:  0.40000        0.45000           56.42           -0.17            0.25
inaccuracy:  0.45000        0.50000           59.26           -0.24            0.15
inaccuracy:  0.50000        0.55000           70.92           -0.13            0.02
inaccuracy:  0.55000        0.60000           70.54           -0.17            0.02
inaccuracy:  0.60000        0.65000           67.55           -0.17            0.03
inaccuracy:  0.65000        0.70000           65.31           -0.22            0.03
inaccuracy:  0.70000        0.75000           67.49           -0.21            0.02
inaccuracy:  0.75000        0.80000           62.67           -0.29            0.02
inaccuracy:  0.80000        0.85000           65.43           -0.25            0.02
inaccuracy:  0.85000        0.90000           70.14           -0.14            0.02
inaccuracy:  0.90000        0.95000           76.23           -0.04            0.02
inaccuracy:  0.95000        1.00000           83.40           -0.02            0.01
#==================================================
#        G-C expansion    
#--------------------------------------------------
#forward/backward                ΔΔA             ΔA
#                          
#--------------------------------------------------
for/back:  gc:              0.0000           0.0000      
forward:   gc:                 nan           0.0000
forward:   gc:                 nan           0.0000
forward:   gc:                 nan           0.0000
forward:   gc:                 nan           0.0000
forward:   gc:                 nan           0.0000
forward:   gc:                 nan           0.0000
forward:   gc:                 nan           0.0000
forward:   gc:                 nan           0.0000
forward:   gc:                 nan           0.0000
forward:   gc:              0.7413           0.7413
forward:   gc:              0.0326           0.7739
forward:   gc:              0.0440           0.8178
forward:   gc:              0.0335           0.8514
forward:   gc:             -0.0020           0.8494
forward:   gc:             -0.0709           0.7785
forward:   gc:             -0.1057           0.6728
forward:   gc:             -0.1799           0.4929
forward:   gc:             -0.1823           0.3106
forward:   gc:             -0.0846           0.2260
forward:   gc:              0.1108           0.3368
backward:  gc:             -0.0348           0.3020
backward:  gc:              0.3132           0.6153
backward:  gc:              1.1993           1.8145
backward:  gc:                 nan           1.8145
backward:  gc:                 nan           1.8145
backward:  gc:              0.8505           2.6650
backward:  gc:              0.6368           3.3019
backward:  gc:              0.3955           3.6974
backward:  gc:              0.2947           3.9921
backward:  gc:              0.2954           4.2874
backward:  gc:              0.2146           4.5021
backward:  gc:             -0.2054           4.2966
backward:  gc:             -0.4449           3.8518
backward:  gc:             -0.5215           3.3303
backward:  gc:             -0.5040           2.8262
backward:  gc:             -0.4080           2.4182
backward:  gc:             -0.3496           2.0686
backward:  gc:             -0.3355           1.7331
backward:  gc:             -0.2536           1.4794
backward:  gc:             -0.2561           1.2233
  
===================================================================================================================================
                BAR        
-----------------------------------------------------------------------------------------------------------------------------------
BAR-estimator:         λ             λ+δλ          ΔΔA             ΔA            C               Δδe            δe       
                          
-----------------------------------------------------------------------------------------------------------------------------------
BAR-estimator:      0.00000        0.05000        0.4967         0.4967         0.4967         0.0150         0.0150 
BAR-estimator:      0.05000        0.10000        0.5180         1.0147         0.5180         0.0147         0.0210 
BAR-estimator:      0.10000        0.15000        0.5628         1.5775         0.5628         0.0212         0.0299 
BAR-estimator:      0.15000        0.20000        0.6099         2.1874         0.6099         0.0165         0.0342 
BAR-estimator:      0.20000        0.25000        0.6848         2.8721         0.6848         0.0150         0.0373 
BAR-estimator:      0.25000        0.30000        0.8021         3.6742         0.8021         0.0138         0.0398 
BAR-estimator:      0.30000        0.35000        0.8898         4.5640         0.8898         0.0150         0.0425 
BAR-estimator:      0.35000        0.40000        0.7526         5.3167         0.7526         0.0175         0.0460 
BAR-estimator:      0.40000        0.45000        0.4585         5.7751         0.4585         0.0167         0.0489 
BAR-estimator:      0.45000        0.50000        0.1141         5.8892         0.1141         0.0136         0.0508 
BAR-estimator:      0.50000        0.55000       -0.0804         5.8088        -0.0804         0.0076         0.0513 
BAR-estimator:      0.55000        0.60000       -0.0768         5.7320        -0.0768         0.0089         0.0521 
BAR-estimator:      0.60000        0.65000       -0.1032         5.6288        -0.1032         0.0104         0.0531 
BAR-estimator:      0.65000        0.70000       -0.1567         5.4721        -0.1567         0.0112         0.0543 
BAR-estimator:      0.70000        0.75000       -0.2094         5.2627        -0.2094         0.0094         0.0551 
BAR-estimator:      0.75000        0.80000       -0.2877         4.9749        -0.2877         0.0086         0.0557 
BAR-estimator:      0.80000        0.85000       -0.3499         4.6250        -0.3499         0.0111         0.0568 
BAR-estimator:      0.85000        0.90000       -0.3137         4.3113        -0.3137         0.0094         0.0576 
BAR-estimator:      0.90000        0.95000       -0.1552         4.1560        -0.1552         0.0079         0.0581 
BAR-estimator:      0.95000        1.00000        0.0666         4.2226         0.0666         0.0040         0.0583 
BAR-estimator: total free energy change is 4.222611793336111 , total error is 0.058286830169309516
