#========================================================================================
#                     Free energy perturbation    
#----------------------------------------------------------------------------------------
#forward/backward          λ              ΔΔA                 ΔA                  δε   
#                                                 
#----------------------------------------------------------------------------------------
forward:               0.0000              0.0000              0.0000              0.0000  
forward:               0.0500              0.6611              0.6611              0.0393  
forward:               0.1000              0.7906              1.4518              0.0454  
forward:               0.1500              0.9050              2.3568              0.0504  
forward:               0.2000              0.9134              3.2702              0.0580  
forward:               0.2500              1.1057              4.3760              0.0732  
forward:               0.3000              1.0212              5.3972              0.0777  
forward:               0.3500              1.0163              6.4135              0.0867  
forward:               0.4000              0.9429              7.3564              0.0954  
forward:               0.4500              0.8848              8.2412              0.0993  
forward:               0.5000              0.6233              8.8645              0.1227  
forward:               0.5500              0.5573              9.4218              0.1236  
forward:               0.6000              0.5818             10.0037              0.1242  
forward:               0.6500              0.6322             10.6359              0.1252  
forward:               0.7000              0.6113             11.2472              0.1260  
forward:               0.7500              0.6535             11.9007              0.1269  
forward:               0.8000              0.5809             12.4816              0.1292  
forward:               0.8500              0.5820             13.0636              0.1300  
forward:               0.9000              0.5980             13.6615              0.1309  
forward:               0.9500              0.6058             14.2674              0.1314  
forward:               1.0000              0.5549             14.8223              0.1324  
backward:              1.0000              0.0000             14.8223              0.0000  
backward:              0.9500             -0.5487             14.2736              0.0194  
backward:              0.9000             -0.6115             13.6621              0.0226  
backward:              0.8500             -0.6036             13.0585              0.0250  
backward:              0.8000             -0.6257             12.4328              0.0275  
backward:              0.7500             -0.5805             11.8523              0.0297  
backward:              0.7000             -0.6132             11.2391              0.0335  
backward:              0.6500             -0.6363             10.6028              0.0367  
backward:              0.6000             -0.6308              9.9720              0.0381  
backward:              0.5500             -0.6189              9.3532              0.0413  
backward:              0.5000             -0.5869              8.7663              0.0427  
backward:              0.4500             -0.6063              8.1600              0.0627  
backward:              0.4000             -0.7482              7.4118              0.1339  
backward:              0.3500             -0.9649              6.4469              0.1378  
backward:              0.3000             -1.0309              5.4160              0.1464  
backward:              0.2500             -1.0405              4.3755              0.1505  
backward:              0.2000             -1.0157              3.3598              0.1518  
backward:              0.1500             -1.0240              2.3357              0.1545  
backward:              0.1000             -0.8498              1.4859              0.1561  
backward:              0.0500             -0.7626              0.7234              0.1573  
backward:              0.0000             -0.6894              0.0340              0.1579  
Inaccuracy estimation
======================================================================================================
                   i        i+δi          P0_overlap_P1   δε(forward)/ε   δε(backward)/ε
======================================================================================================
inaccuracy:  0.00000        0.05000           68.97           -0.09            0.06
inaccuracy:  0.05000        0.10000           65.96           -0.07            0.11
inaccuracy:  0.10000        0.15000           65.83           -0.06            0.09
inaccuracy:  0.15000        0.20000           80.55           -0.03            0.05
inaccuracy:  0.20000        0.25000           63.09           -0.02            0.15
inaccuracy:  0.25000        0.30000           73.80           -0.02            0.05
inaccuracy:  0.30000        0.35000           72.48           -0.02            0.06
inaccuracy:  0.35000        0.40000           73.15           -0.02            0.09
inaccuracy:  0.40000        0.45000           57.71           -0.04            0.14
inaccuracy:  0.45000        0.50000           74.52           -0.04            0.18
inaccuracy:  0.50000        0.55000           82.84           -0.02            0.05
inaccuracy:  0.55000        0.60000           86.87           -0.02            0.01
inaccuracy:  0.60000        0.65000           84.38           -0.02            0.04
inaccuracy:  0.65000        0.70000           86.91           -0.01            0.01
inaccuracy:  0.70000        0.75000           77.81           -0.02            0.03
inaccuracy:  0.75000        0.80000           84.86           -0.02            0.07
inaccuracy:  0.80000        0.85000           91.80           -0.01            0.02
inaccuracy:  0.85000        0.90000           87.49           -0.01            0.01
inaccuracy:  0.90000        0.95000           88.24           -0.02            0.01
inaccuracy:  0.95000        1.00000           83.67           -0.04            0.03
#==================================================
#        G-C expansion    
#--------------------------------------------------
#forward/backward                ΔΔA             ΔA
#                          
#--------------------------------------------------
for/back:  gc:              0.0000           0.0000      
forward:   gc:                 nan           0.0000
forward:   gc:                 nan           0.0000
forward:   gc:                 nan           0.0000
forward:   gc:                 nan           0.0000
forward:   gc:                 nan           0.0000
forward:   gc:                 nan           0.0000
forward:   gc:                 nan           0.0000
forward:   gc:                 nan           0.0000
forward:   gc:                 nan           0.0000
forward:   gc:                 nan           0.0000
forward:   gc:                 nan           0.0000
forward:   gc:                 nan           0.0000
forward:   gc:                 nan           0.0000
forward:   gc:                 nan           0.0000
forward:   gc:                 nan           0.0000
forward:   gc:                 nan           0.0000
forward:   gc:                 nan           0.0000
forward:   gc:                 nan           0.0000
forward:   gc:                 nan           0.0000
forward:   gc:                 nan           0.0000
backward:  gc:             -0.3923          -0.3923
backward:  gc:             -0.4222          -0.8146
backward:  gc:             -0.4150          -1.2296
backward:  gc:             -0.4265          -1.6561
backward:  gc:             -0.4030          -2.0591
backward:  gc:             -0.4190          -2.4781
backward:  gc:             -0.4302          -2.9083
backward:  gc:             -0.4280          -3.3363
backward:  gc:             -0.4211          -3.7574
backward:  gc:             -0.4030          -4.1604
backward:  gc:             -0.4062          -4.5665
backward:  gc:             -0.4710          -5.0375
backward:  gc:             -0.5733          -5.6108
backward:  gc:             -0.6027          -6.2135
backward:  gc:             -0.6082          -6.8217
backward:  gc:             -0.5999          -7.4216
backward:  gc:             -0.6070          -8.0287
backward:  gc:             -0.5298          -8.5585
backward:  gc:             -0.4848          -9.0432
backward:  gc:             -0.4431          -9.4864
  
===================================================================================================================================
                BAR        
-----------------------------------------------------------------------------------------------------------------------------------
BAR-estimator:         λ             λ+δλ          ΔΔA             ΔA            C               Δδe            δe       
                          
-----------------------------------------------------------------------------------------------------------------------------------
BAR-estimator:      0.00000        0.05000        0.6731         0.6731         0.6731         0.0272         0.0272 
BAR-estimator:      0.05000        0.10000        0.7848         1.4579         0.7848         0.0159         0.0315 
BAR-estimator:      0.10000        0.15000        0.8675         2.3254         0.8675         0.0170         0.0358 
BAR-estimator:      0.15000        0.20000        0.9757         3.3011         0.9757         0.0168         0.0396 
BAR-estimator:      0.20000        0.25000        1.0629         4.3639         1.0629         0.0213         0.0449 
BAR-estimator:      0.25000        0.30000        1.0267         5.3906         1.0267         0.0190         0.0488 
BAR-estimator:      0.30000        0.35000        1.0101         6.4007         1.0101         0.0249         0.0548 
BAR-estimator:      0.35000        0.40000        0.9464         7.3470         0.9464         0.0217         0.0589 
BAR-estimator:      0.40000        0.45000        0.8054         8.1525         0.8054         0.0193         0.0620 
BAR-estimator:      0.45000        0.50000        0.6277         8.7802         0.6277         0.0425         0.0752 
BAR-estimator:      0.50000        0.55000        0.5814         9.3616         0.5814         0.0162         0.0769 
BAR-estimator:      0.55000        0.60000        0.6005         9.9621         0.6005         0.0348         0.0844 
BAR-estimator:      0.60000        0.65000        0.6332        10.5952         0.6332         0.0109         0.0851 
BAR-estimator:      0.65000        0.70000        0.6268        11.2220         0.6268         0.0138         0.0862 
BAR-estimator:      0.70000        0.75000        0.6271        11.8491         0.6271         0.0114         0.0870 
BAR-estimator:      0.75000        0.80000        0.5848        12.4339         0.5848         0.0094         0.0875 
BAR-estimator:      0.80000        0.85000        0.6091        13.0430         0.6091         0.0098         0.0880 
BAR-estimator:      0.85000        0.90000        0.6014        13.6444         0.6014         0.0058         0.0882 
BAR-estimator:      0.90000        0.95000        0.6060        14.2504         0.6060         0.0064         0.0884 
BAR-estimator:      0.95000        1.00000        0.5521        14.8025         0.5521         0.0079         0.0888 
BAR-estimator: total free energy change is 14.802457747172074 , total error is 0.08879654777483392
